<?xml version="1.0" encoding="UTF-8"?>
<!-- Generated by org.testng.reporters.JUnitXMLReporter -->
<testsuite hostname="DESKTOP-LLD6J9U" ignored="0" name="Test Scope 1" tests="3" failures="1" timestamp="2022-05-21T22:55:37 EEST" time="183.523" errors="0">
  <testcase name="openNotebooksTest" time="51.148" classname="tests.TestObject"/>
  <testcase name="findIphone13Test" time="33.628" classname="tests.TestObject"/>
  <testcase name="failTest" time="71.282" classname="tests.TestObject">
    <failure type="java.lang.IndexOutOfBoundsException" message="Index: 0, Size: 0">
      <![CDATA[java.lang.IndexOutOfBoundsException: Index: 0, Size: 0
at java.util.ArrayList.rangeCheck(ArrayList.java:659)
at java.util.ArrayList.get(ArrayList.java:435)
at org.openqa.selenium.support.pagefactory.internal.LocatingElementListHandler.invoke(LocatingElementListHandler.java:40)
at com.sun.proxy.$Proxy11.get(Unknown Source)
at pageObject.pages.SearchResultPage.clickOnMainCategories(SearchResultPage.java:47)
at tests.TestObject.failTest(TestObject.java:42)
at java.util.ArrayList.forEach(ArrayList.java:1259)
... Removed 35 stack frames]]>
    </failure>
  </testcase> <!-- failTest -->
</testsuite> <!-- Test Scope 1 -->
